Arguments: 
  /usr/local/Cellar/node/9.7.1/bin/node /usr/local/bin/yarn babel-watch create-component-template.js

PATH: 
  /Users/jonny/.rvm/gems/ruby-2.3.0/bin:/Users/jonny/.rvm/gems/ruby-2.3.0@global/bin:/Users/jonny/.rvm/rubies/ruby-2.3.0/bin:/bin:/usr/bin:/usr/local/bin:/usr/local/bin:/usr/bin:/bin:/usr/sbin:/sbin:/Users/jonny/.rvm/bin

Yarn version: 
  1.5.1

Node version: 
  9.7.1

Platform: 
  darwin x64

npm manifest: 
  {
    "author": "Jonny Pickard",
    "main": "./create-component-template.js",
    "name": "create-component-template",
    "version": "0.0.0",
    "scripts": {
      "test": "jest --watch"
    },
    "dependencies": {
      "chalk": "1.1.3",
      "jest": "^22.4.2",
      "mkdirp-promise": "^5.0.1",
      "pkg-dir": "^2.0.0",
      "prompt": "^1.0.0",
      "semver-regex": "^1.0.0",
      "yargs": "^11.0.0"
    },
    "description": "Generates react components from templates",
    "files": [
      "./lib",
      "./templates"
    ],
    "keywords": [
      "Create",
      "Generate",
      "React",
      "Component",
      "Library",
      "Monorepo"
    ],
    "license": "ISC",
    "devDependencies": {
      "babel-watch": "^2.0.7",
      "flow-bin": "^0.69.0"
    }
  }

yarn manifest: 
  No manifest

Lockfile: 
  No lockfile

Trace: 
  Error: Command failed.
  Exit code: 1
  Command: sh
  Arguments: -c /Users/jonny/projects/personal-projects/npm-modules/create-component-template/node_modules/.bin/babel-watch create-component-template.js
  Directory: /Users/jonny/projects/personal-projects/npm-modules/create-component-template
  Output:
  
      at ProcessTermError.MessageError (/usr/local/lib/node_modules/yarn/lib/cli.js:186:110)
      at new ProcessTermError (/usr/local/lib/node_modules/yarn/lib/cli.js:226:113)
      at ChildProcess.<anonymous> (/usr/local/lib/node_modules/yarn/lib/cli.js:30281:17)
      at ChildProcess.emit (events.js:127:13)
      at maybeClose (internal/child_process.js:936:16)
      at Process.ChildProcess._handle.onexit (internal/child_process.js:220:5)
